2026-05-12T19:01:12.208-04:00  INFO 27140 --- [alertas-service] [main] c.m.alertas.AlertasServiceApplication    : Starting AlertasServiceApplication using Java 22.0.2 with PID 27140 (C:\Users\dania\OneDrive\Bureau\molly-store-v2\molly-store-v2\alertas-service\target\classes started by dania in C:\Users\dania\OneDrive\Bureau\molly-store-v2\molly-store-v2)
2026-05-12T19:01:12.210-04:00 DEBUG 27140 --- [alertas-service] [main] c.m.alertas.AlertasServiceApplication    : Running with Spring Boot v3.3.0, Spring v6.1.8
2026-05-12T19:01:12.211-04:00  INFO 27140 --- [alertas-service] [main] c.m.alertas.AlertasServiceApplication    : No active profile set, falling back to 1 default profile: "default"
2026-05-12T19:01:12.670-04:00  INFO 27140 --- [alertas-service] [main] .s.d.r.c.RepositoryConfigurationDelegate : Bootstrapping Spring Data JPA repositories in DEFAULT mode.
2026-05-12T19:01:12.709-04:00  INFO 27140 --- [alertas-service] [main] .s.d.r.c.RepositoryConfigurationDelegate : Finished Spring Data repository scanning in 34 ms. Found 2 JPA repository interfaces.
2026-05-12T19:01:13.095-04:00  INFO 27140 --- [alertas-service] [main] o.s.b.w.embedded.tomcat.TomcatWebServer  : Tomcat initialized with port 8090 (http)
2026-05-12T19:01:13.105-04:00  INFO 27140 --- [alertas-service] [main] o.apache.catalina.core.StandardService   : Starting service [Tomcat]
2026-05-12T19:01:13.105-04:00  INFO 27140 --- [alertas-service] [main] o.apache.catalina.core.StandardEngine    : Starting Servlet engine: [Apache Tomcat/10.1.24]
2026-05-12T19:01:13.153-04:00  INFO 27140 --- [alertas-service] [main] o.a.c.c.C.[Tomcat].[localhost].[/]       : Initializing Spring embedded WebApplicationContext
2026-05-12T19:01:13.154-04:00  INFO 27140 --- [alertas-service] [main] w.s.c.ServletWebServerApplicationContext : Root WebApplicationContext: initialization completed in 912 ms
2026-05-12T19:01:13.176-04:00  INFO 27140 --- [alertas-service] [main] com.zaxxer.hikari.HikariDataSource       : HikariPool-1 - Starting...
2026-05-12T19:01:13.311-04:00  INFO 27140 --- [alertas-service] [main] com.zaxxer.hikari.pool.HikariPool        : HikariPool-1 - Added connection conn0: url=jdbc:h2:mem:alertasdb user=SA
2026-05-12T19:01:13.313-04:00  INFO 27140 --- [alertas-service] [main] com.zaxxer.hikari.HikariDataSource       : HikariPool-1 - Start completed.
2026-05-12T19:01:13.321-04:00  INFO 27140 --- [alertas-service] [main] o.s.b.a.h2.H2ConsoleAutoConfiguration    : H2 console available at '/h2-console'. Database available at 'jdbc:h2:mem:alertasdb'
2026-05-12T19:01:13.405-04:00  INFO 27140 --- [alertas-service] [main] o.hibernate.jpa.internal.util.LogHelper  : HHH000204: Processing PersistenceUnitInfo [name: default]
2026-05-12T19:01:13.446-04:00  INFO 27140 --- [alertas-service] [main] org.hibernate.Version                    : HHH000412: Hibernate ORM core version 6.5.2.Final
2026-05-12T19:01:13.468-04:00  INFO 27140 --- [alertas-service] [main] o.h.c.internal.RegionFactoryInitiator    : HHH000026: Second-level cache disabled
2026-05-12T19:01:13.679-04:00  INFO 27140 --- [alertas-service] [main] o.s.o.j.p.SpringPersistenceUnitInfo      : No LoadTimeWeaver setup: ignoring JPA class transformer
2026-05-12T19:01:13.708-04:00  WARN 27140 --- [alertas-service] [main] org.hibernate.orm.deprecation            : HHH90000025: H2Dialect does not need to be specified explicitly using 'hibernate.dialect' (remove the property setting and it will be selected by default)
2026-05-12T19:01:14.276-04:00  INFO 27140 --- [alertas-service] [main] o.h.e.t.j.p.i.JtaPlatformInitiator       : HHH000489: No JTA platform available (set 'hibernate.transaction.jta.platform' to enable JTA platform integration)
2026-05-12T19:01:14.304-04:00  INFO 27140 --- [alertas-service] [main] j.LocalContainerEntityManagerFactoryBean : Initialized JPA EntityManagerFactory for persistence unit 'default'
2026-05-12T19:01:14.521-04:00  WARN 27140 --- [alertas-service] [main] JpaBaseConfiguration$JpaWebConfiguration : spring.jpa.open-in-view is enabled by default. Therefore, database queries may be performed during view rendering. Explicitly configure spring.jpa.open-in-view to disable this warning
2026-05-12T19:01:14.601-04:00  INFO 27140 --- [alertas-service] [main] r$InitializeUserDetailsManagerConfigurer : Global AuthenticationManager configured with UserDetailsService bean with name userDetailsService
2026-05-12T19:01:14.751-04:00  INFO 27140 --- [alertas-service] [main] o.s.s.web.DefaultSecurityFilterChain     : Will secure any request with [org.springframework.security.web.session.DisableEncodeUrlFilter@574134ba, org.springframework.security.web.context.request.async.WebAsyncManagerIntegrationFilter@57063e08, org.springframework.security.web.context.SecurityContextHolderFilter@46aea9f7, org.springframework.security.web.header.HeaderWriterFilter@2318651f, org.springframework.web.filter.CorsFilter@6afb240d, org.springframework.security.web.authentication.logout.LogoutFilter@30d2f9ea, org.springframework.security.web.authentication.www.BasicAuthenticationFilter@7d3faf1d, org.springframework.security.web.savedrequest.RequestCacheAwareFilter@3e3a07ab, org.springframework.security.web.servletapi.SecurityContextHolderAwareRequestFilter@34525143, org.springframework.security.web.authentication.AnonymousAuthenticationFilter@272f5373, org.springframework.security.web.access.ExceptionTranslationFilter@193c3b1c, org.springframework.security.web.access.intercept.AuthorizationFilter@9d2c0ed]
2026-05-12T19:01:14.874-04:00  INFO 27140 --- [alertas-service] [main] o.s.b.w.embedded.tomcat.TomcatWebServer  : Tomcat started on port 8090 (http) with context path '/'
2026-05-12T19:01:14.878-04:00  INFO 27140 --- [alertas-service] [main] c.m.alertas.AlertasServiceApplication    : Started AlertasServiceApplication in 3.031 seconds (process running for 3.356)
2026-05-12T19:03:55.166-04:00  INFO 27140 --- [alertas-service] [SpringApplicationShutdownHook] j.LocalContainerEntityManagerFactoryBean : Closing JPA EntityManagerFactory for persistence unit 'default'
2026-05-12T19:03:55.170-04:00  INFO 27140 --- [alertas-service] [SpringApplicationShutdownHook] com.zaxxer.hikari.HikariDataSource       : HikariPool-1 - Shutdown initiated...
2026-05-12T19:03:55.172-04:00  INFO 27140 --- [alertas-service] [SpringApplicationShutdownHook] com.zaxxer.hikari.HikariDataSource       : HikariPool-1 - Shutdown completed.
